# JRE version: OpenJDK Runtime Environment (8.0_152-b02) (build 1.8.0_152-release-1024-b02)
# Java VM: OpenJDK 64-Bit Server VM (25.152-b02 mixed mode windows-amd64 compressed oops)
Heap:
 PSYoungGen      total 388608K, used 300696K [0x00000000e0000000, 0x00000000fb380000, 0x0000000100000000)
  eden space 346624K, 74% used [0x00000000e0000000,0x00000000efca8240,0x00000000f5280000)
  from space 41984K, 99% used [0x00000000f8680000,0x00000000faf7ddf8,0x00000000faf80000)
  to   space 49664K, 0% used [0x00000000f5280000,0x00000000f5280000,0x00000000f8300000)
 ParOldGen       total 236544K, used 53258K [0x00000000a0000000, 0x00000000ae700000, 0x00000000e0000000)
  object space 236544K, 22% used [0x00000000a0000000,0x00000000a34028e8,0x00000000ae700000)
 Metaspace       used 80454K, capacity 84326K, committed 84568K, reserved 1122304K
  class space    used 10242K, capacity 11007K, committed 11136K, reserved 1048576K
GC Heap History (10 events):
Event: 19.130 GC heap before
{Heap before GC invocations=11 (full 3):
 PSYoungGen      total 195072K, used 179200K [0x00000000e0000000, 0x00000000f2e00000, 0x0000000100000000)
  eden space 179200K, 100% used [0x00000000e0000000,0x00000000eaf00000,0x00000000eaf00000)
  from space 15872K, 0% used [0x00000000eaf00000,0x00000000eaf00000,0x00000000ebe80000)
  to   space 24576K, 0% used [0x00000000f1600000,0x00000000f1600000,0x00000000f2e00000)
 ParOldGen       total 236544K, used 42222K [0x00000000a0000000, 0x00000000ae700000, 0x00000000e0000000)
  object space 236544K, 17% used [0x00000000a0000000,0x00000000a293b9b0,0x00000000ae700000)
 Metaspace       used 65064K, capacity 67366K, committed 67544K, reserved 1107968K
  class space    used 8612K, capacity 9123K, committed 9216K, reserved 1048576K
Event: 19.162 GC heap after
Heap after GC invocations=11 (full 3):
 PSYoungGen      total 263680K, used 24554K [0x00000000e0000000, 0x00000000f2e00000, 0x0000000100000000)
  eden space 239104K, 0% used [0x00000000e0000000,0x00000000e0000000,0x00000000ee980000)
  from space 24576K, 99% used [0x00000000f1600000,0x00000000f2dfa938,0x00000000f2e00000)
  to   space 29696K, 0% used [0x00000000ef400000,0x00000000ef400000,0x00000000f1100000)
 ParOldGen       total 236544K, used 46106K [0x00000000a0000000, 0x00000000ae700000, 0x00000000e0000000)
  object space 236544K, 19% used [0x00000000a0000000,0x00000000a2d06870,0x00000000ae700000)
 Metaspace       used 65064K, capacity 67366K, committed 67544K, reserved 1107968K
  class space    used 8612K, capacity 9123K, committed 9216K, reserved 1048576K
}
Event: 25.295 GC heap before
{Heap before GC invocations=12 (full 3):
 PSYoungGen      total 263680K, used 263658K [0x00000000e0000000, 0x00000000f2e00000, 0x0000000100000000)
  eden space 239104K, 100% used [0x00000000e0000000,0x00000000ee980000,0x00000000ee980000)
  from space 24576K, 99% used [0x00000000f1600000,0x00000000f2dfa938,0x00000000f2e00000)
  to   space 29696K, 0% used [0x00000000ef400000,0x00000000ef400000,0x00000000f1100000)
 ParOldGen       total 236544K, used 46106K [0x00000000a0000000, 0x00000000ae700000, 0x00000000e0000000)
  object space 236544K, 19% used [0x00000000a0000000,0x00000000a2d06870,0x00000000ae700000)
 Metaspace       used 74954K, capacity 78096K, committed 78296K, reserved 1118208K
  class space    used 9808K, capacity 10480K, committed 10496K, reserved 1048576K
Event: 25.336 GC heap after
Heap after GC invocations=12 (full 3):
 PSYoungGen      total 279552K, used 29683K [0x00000000e0000000, 0x00000000f5b80000, 0x0000000100000000)
  eden space 249856K, 0% used [0x00000000e0000000,0x00000000e0000000,0x00000000ef400000)
  from space 29696K, 99% used [0x00000000ef400000,0x00000000f10fcfa0,0x00000000f1100000)
  to   space 35328K, 0% used [0x00000000f3900000,0x00000000f3900000,0x00000000f5b80000)
 ParOldGen       total 236544K, used 49202K [0x00000000a0000000, 0x00000000ae700000, 0x00000000e0000000)
  object space 236544K, 20% used [0x00000000a0000000,0x00000000a300c838,0x00000000ae700000)
 Metaspace       used 74954K, capacity 78096K, committed 78296K, reserved 1118208K
  class space    used 9808K, capacity 10480K, committed 10496K, reserved 1048576K
}
Event: 26.298 GC heap before
{Heap before GC invocations=13 (full 3):
 PSYoungGen      total 279552K, used 279539K [0x00000000e0000000, 0x00000000f5b80000, 0x0000000100000000)
  eden space 249856K, 100% used [0x00000000e0000000,0x00000000ef400000,0x00000000ef400000)
  from space 29696K, 99% used [0x00000000ef400000,0x00000000f10fcfa0,0x00000000f1100000)
  to   space 35328K, 0% used [0x00000000f3900000,0x00000000f3900000,0x00000000f5b80000)
 ParOldGen       total 236544K, used 49202K [0x00000000a0000000, 0x00000000ae700000, 0x00000000e0000000)
  object space 236544K, 20% used [0x00000000a0000000,0x00000000a300c838,0x00000000ae700000)
 Metaspace       used 75363K, capacity 78540K, committed 78808K, reserved 1118208K
  class space    used 9812K, capacity 10480K, committed 10496K, reserved 1048576K
Event: 26.339 GC heap after
Heap after GC invocations=13 (full 3):
 PSYoungGen      total 318464K, used 27274K [0x00000000e0000000, 0x00000000f8300000, 0x0000000100000000)
  eden space 283136K, 0% used [0x00000000e0000000,0x00000000e0000000,0x00000000f1480000)
  from space 35328K, 77% used [0x00000000f3900000,0x00000000f53a2be8,0x00000000f5b80000)
  to   space 37376K, 0% used [0x00000000f1480000,0x00000000f1480000,0x00000000f3900000)
 ParOldGen       total 236544K, used 49202K [0x00000000a0000000, 0x00000000ae700000, 0x00000000e0000000)
  object space 236544K, 20% used [0x00000000a0000000,0x00000000a300c838,0x00000000ae700000)
 Metaspace       used 75363K, capacity 78540K, committed 78808K, reserved 1118208K
  class space    used 9812K, capacity 10480K, committed 10496K, reserved 1048576K
}
Event: 28.631 GC heap before
{Heap before GC invocations=14 (full 3):
 PSYoungGen      total 318464K, used 310410K [0x00000000e0000000, 0x00000000f8300000, 0x0000000100000000)
  eden space 283136K, 100% used [0x00000000e0000000,0x00000000f1480000,0x00000000f1480000)
  from space 35328K, 77% used [0x00000000f3900000,0x00000000f53a2be8,0x00000000f5b80000)
  to   space 37376K, 0% used [0x00000000f1480000,0x00000000f1480000,0x00000000f3900000)
 ParOldGen       total 236544K, used 49202K [0x00000000a0000000, 0x00000000ae700000, 0x00000000e0000000)
  object space 236544K, 20% used [0x00000000a0000000,0x00000000a300c838,0x00000000ae700000)
 Metaspace       used 75954K, capacity 79270K, committed 79448K, reserved 1118208K
  class space    used 9842K, capacity 10555K, committed 10624K, reserved 1048576K
Event: 28.650 GC heap after
Heap after GC invocations=14 (full 3):
 PSYoungGen      total 320512K, used 35830K [0x00000000e0000000, 0x00000000faf80000, 0x0000000100000000)
  eden space 283136K, 0% used [0x00000000e0000000,0x00000000e0000000,0x00000000f1480000)
  from space 37376K, 95% used [0x00000000f1480000,0x00000000f377dbb8,0x00000000f3900000)
  to   space 41984K, 0% used [0x00000000f8680000,0x00000000f8680000,0x00000000faf80000)
 ParOldGen       total 236544K, used 49210K [0x00000000a0000000, 0x00000000ae700000, 0x00000000e0000000)
  object space 236544K, 20% used [0x00000000a0000000,0x00000000a300e838,0x00000000ae700000)
 Metaspace       used 75954K, capacity 79270K, committed 79448K, reserved 1118208K
  class space    used 9842K, capacity 10555K, committed 10624K, reserved 1048576K
}
Event: 73.964 GC heap before
{Heap before GC invocations=15 (full 3):
 PSYoungGen      total 320512K, used 318250K [0x00000000e0000000, 0x00000000faf80000, 0x0000000100000000)
  eden space 283136K, 99% used [0x00000000e0000000,0x00000000f13cd038,0x00000000f1480000)
  from space 37376K, 95% used [0x00000000f1480000,0x00000000f377dbb8,0x00000000f3900000)
  to   space 41984K, 0% used [0x00000000f8680000,0x00000000f8680000,0x00000000faf80000)
 ParOldGen       total 236544K, used 49210K [0x00000000a0000000, 0x00000000ae700000, 0x00000000e0000000)
  object space 236544K, 20% used [0x00000000a0000000,0x00000000a300e838,0x00000000ae700000)
 Metaspace       used 79391K, capacity 83122K, committed 83288K, reserved 1122304K
  class space    used 10096K, capacity 10851K, committed 10880K, reserved 1048576K
Event: 73.997 GC heap after
Heap after GC invocations=15 (full 3):
 PSYoungGen      total 388608K, used 41975K [0x00000000e0000000, 0x00000000fb380000, 0x0000000100000000)
  eden space 346624K, 0% used [0x00000000e0000000,0x00000000e0000000,0x00000000f5280000)
  from space 41984K, 99% used [0x00000000f8680000,0x00000000faf7ddf8,0x00000000faf80000)
  to   space 49664K, 0% used [0x00000000f5280000,0x00000000f5280000,0x00000000f8300000)
 ParOldGen       total 236544K, used 53258K [0x00000000a0000000, 0x00000000ae700000, 0x00000000e0000000)
  object space 236544K, 22% used [0x00000000a0000000,0x00000000a34028e8,0x00000000ae700000)
 Metaspace       used 79391K, capacity 83122K, committed 83288K, reserved 1122304K
  class space    used 10096K, capacity 10851K, committed 10880K, reserved 1048576K
}

